Proyectos/Modulo03 - Android básico/AppLifeCycleV2/app/build/outputs/logs/manifest-merger-debug-report.txt
-- Merging decision tree log ---
manifest
ADDED from src\main\AndroidManifest.xml:2:1-29:12
INJECTED from src\main\AndroidManifest.xml:2:1-29:12
INJECTED from src\main\AndroidManifest.xml:2:1-29:12
INJECTED from src\main\AndroidManifest.xml:2:1-29:12
INJECTED from src\main\AndroidManifest.xml:2:1-29:12
INJECTED from src\main\AndroidManifest.xml:2:1-29:12
INJECTED from src\main\AndroidManifest.xml:2:1-29:12
	package
		ADDED from src\main\AndroidManifest.xml:3:1-45
		INJECTED from src\main\AndroidManifest.xml
		INJECTED from src\main\AndroidManifest.xml
	android:versionName
		INJECTED from src\main\AndroidManifest.xml
		ADDED from src\main\AndroidManifest.xml:2:1-29:12
		INJECTED from src\main\AndroidManifest.xml
	android:versionCode
		INJECTED from src\main\AndroidManifest.xml
		ADDED from src\main\AndroidManifest.xml:2:1-29:12
		INJECTED from src\main\AndroidManifest.xml
	xmlns:android
		ADDED from src\main\AndroidManifest.xml:2:11-69
application
ADDED from src\main\AndroidManifest.xml:5:1-27:15
	android:label
		ADDED from src\main\AndroidManifest.xml:8:5-37
	android:icon
		ADDED from src\main\AndroidManifest.xml:7:5-39
	android:allowBackup
		ADDED from src\main\AndroidManifest.xml:6:5-31
	android:theme
		ADDED from src\main\AndroidManifest.xml:9:5-36
	android:name
		ADDED from src\main\AndroidManifest.xml:10:5-36
activity#com.example.mastermov.applifecycle.AppLifeCycleActivity1
ADDED from src\main\AndroidManifest.xml:11:5-18:16
	android:label
		ADDED from src\main\AndroidManifest.xml:13:9-43
	android:name
		ADDED from src\main\AndroidManifest.xml:12:9-46
intent-filter#action:name:android.intent.action.MAIN+category:name:android.intent.category.LAUNCHER
ADDED from src\main\AndroidManifest.xml:14:9-17:25
action#android.intent.action.MAIN
ADDED from src\main\AndroidManifest.xml:15:13-65
	android:name
		ADDED from src\main\AndroidManifest.xml:15:21-62
category#android.intent.category.LAUNCHER
ADDED from src\main\AndroidManifest.xml:16:13-73
	android:name
		ADDED from src\main\AndroidManifest.xml:16:23-70
activity#com.example.mastermov.applifecycle.AppLifeCycleActivity2
ADDED from src\main\AndroidManifest.xml:19:5-26:16
	android:label
		ADDED from src\main\AndroidManifest.xml:21:9-43
	android:name
		ADDED from src\main\AndroidManifest.xml:20:9-46
meta-data#android.support.PARENT_ACTIVITY
ADDED from src\main\AndroidManifest.xml:23:9-25:54
	android:value
		ADDED from src\main\AndroidManifest.xml:25:13-51
	android:name
		ADDED from src\main\AndroidManifest.xml:24:13-59
uses-sdk
INJECTED from src\main\AndroidManifest.xml reason: use-sdk injection requested
INJECTED from src\main\AndroidManifest.xml
INJECTED from src\main\AndroidManifest.xml
INJECTED from src\main\AndroidManifest.xml
INJECTED from src\main\AndroidManifest.xml
	android:targetSdkVersion
		INJECTED from src\main\AndroidManifest.xml
		ADDED from src\main\AndroidManifest.xml
		INJECTED from src\main\AndroidManifest.xml
	android:minSdkVersion
		INJECTED from src\main\AndroidManifest.xml
		ADDED from src\main\AndroidManifest.xml
		INJECTED from src\main\AndroidManifest.xml